<?xml version="1.0" encoding="UTF-8"?>
<!-- Generated by org.testng.reporters.JUnitXMLReporter -->
<testsuite ignored="0" hostname="DESKTOP-BAR869S" failures="0" tests="3" name="Default test" time="29.357" errors="0" timestamp="2023-07-05T16:20:35 EDT">
  <testcase classname="automation_bootcamp_1.Window_Navigate" name="button1" time="5.005"/>
  <testcase classname="automation_bootcamp_1.Window_Navigate" name="button2" time="7.186"/>
  <testcase classname="automation_bootcamp_1.Window_Navigate" name="button3" time="7.565"/>
</testsuite> <!-- Default test -->
