<?xml version="1.0" encoding="UTF-8"?>
<testng-results ignored="0" total="3" passed="3" failed="0" skipped="0">
  <reporter-output>
  </reporter-output>
  <suite started-at="2023-07-05T16:20:06 EDT" name="Default suite" finished-at="2023-07-05T16:20:35 EDT" duration-ms="29357">
    <groups>
    </groups>
    <test started-at="2023-07-05T16:20:06 EDT" name="Default test" finished-at="2023-07-05T16:20:35 EDT" duration-ms="29357">
      <class name="automation_bootcamp_1.Window_Navigate">
        <test-method is-config="true" signature="setup()[pri:0, instance:automation_bootcamp_1.Window_Navigate@4738a206]" started-at="2023-07-05T16:20:06 EDT" name="setup" finished-at="2023-07-05T16:20:10 EDT" duration-ms="3844" status="PASS">
          <reporter-output>
          </reporter-output>
        </test-method> <!-- setup -->
        <test-method signature="button1()[pri:1, instance:automation_bootcamp_1.Window_Navigate@4738a206]" started-at="2023-07-05T16:20:10 EDT" name="button1" finished-at="2023-07-05T16:20:15 EDT" duration-ms="5005" status="PASS">
          <reporter-output>
          </reporter-output>
        </test-method> <!-- button1 -->
        <test-method is-config="true" signature="tearDown()[pri:0, instance:automation_bootcamp_1.Window_Navigate@4738a206]" started-at="2023-07-05T16:20:15 EDT" name="tearDown" finished-at="2023-07-05T16:20:15 EDT" duration-ms="216" status="PASS">
          <reporter-output>
          </reporter-output>
        </test-method> <!-- tearDown -->
        <test-method is-config="true" signature="setup()[pri:0, instance:automation_bootcamp_1.Window_Navigate@4738a206]" started-at="2023-07-05T16:20:15 EDT" name="setup" finished-at="2023-07-05T16:20:17 EDT" duration-ms="2597" status="PASS">
          <reporter-output>
          </reporter-output>
        </test-method> <!-- setup -->
        <test-method signature="button2()[pri:2, instance:automation_bootcamp_1.Window_Navigate@4738a206]" started-at="2023-07-05T16:20:17 EDT" name="button2" finished-at="2023-07-05T16:20:25 EDT" duration-ms="7186" status="PASS">
          <reporter-output>
          </reporter-output>
        </test-method> <!-- button2 -->
        <test-method is-config="true" signature="tearDown()[pri:0, instance:automation_bootcamp_1.Window_Navigate@4738a206]" started-at="2023-07-05T16:20:25 EDT" name="tearDown" finished-at="2023-07-05T16:20:25 EDT" duration-ms="181" status="PASS">
          <reporter-output>
          </reporter-output>
        </test-method> <!-- tearDown -->
        <test-method is-config="true" signature="setup()[pri:0, instance:automation_bootcamp_1.Window_Navigate@4738a206]" started-at="2023-07-05T16:20:25 EDT" name="setup" finished-at="2023-07-05T16:20:27 EDT" duration-ms="2496" status="PASS">
          <reporter-output>
          </reporter-output>
        </test-method> <!-- setup -->
        <test-method signature="button3()[pri:3, instance:automation_bootcamp_1.Window_Navigate@4738a206]" started-at="2023-07-05T16:20:27 EDT" name="button3" finished-at="2023-07-05T16:20:35 EDT" duration-ms="7565" status="PASS">
          <reporter-output>
          </reporter-output>
        </test-method> <!-- button3 -->
        <test-method is-config="true" signature="tearDown()[pri:0, instance:automation_bootcamp_1.Window_Navigate@4738a206]" started-at="2023-07-05T16:20:35 EDT" name="tearDown" finished-at="2023-07-05T16:20:35 EDT" duration-ms="238" status="PASS">
          <reporter-output>
          </reporter-output>
        </test-method> <!-- tearDown -->
      </class> <!-- automation_bootcamp_1.Window_Navigate -->
    </test> <!-- Default test -->
  </suite> <!-- Default suite -->
</testng-results>
