<?xml version="1.0" encoding="UTF-8"?>
<!-- Generated by org.testng.reporters.JUnitXMLReporter -->
<testsuite ignored="1" hostname="DESKTOP-BAR869S" failures="0" tests="4" name="Default test" time="26.89" errors="0" timestamp="2023-07-05T10:41:57 EDT">
  <testcase classname="com.tn.qa.testcases.LoginTest" name="verifyLoginWithInvalidCredentials" time="0.67"/>
  <testcase classname="com.tn.qa.testcases.LoginTest" name="verifyLoginWithValidUsernameInvalidPassword" time="1.112"/>
  <testcase classname="com.tn.qa.testcases.LoginTest" name="verifyLoginWithInvalidUsernameValidPassword" time="1.231"/>
  <testcase classname="com.tn.qa.testcases.LoginTest" name="verifyLoginWithNoCredentials" time="0.469"/>
  <testcase classname="com.tn.qa.testcases.LoginTest" name="verifyLoginWithValidCredentials" time="0.0">
    <ignored/>
  </testcase> <!-- verifyLoginWithValidCredentials -->
</testsuite> <!-- Default test -->
