<?xml version="1.0" encoding="UTF-8"?>
<testng-results ignored="1" total="5" passed="4" failed="0" skipped="0">
  <reporter-output>
  </reporter-output>
  <suite started-at="2023-07-05T10:41:31 EDT" name="Default suite" finished-at="2023-07-05T10:41:57 EDT" duration-ms="26890">
    <groups>
    </groups>
    <test started-at="2023-07-05T10:41:31 EDT" name="Default test" finished-at="2023-07-05T10:41:57 EDT" duration-ms="26890">
      <class name="com.tn.qa.testcases.LoginTest">
        <test-method is-config="true" signature="setup()[pri:0, instance:com.tn.qa.testcases.LoginTest@69e153c5]" started-at="2023-07-05T10:41:31 EDT" name="setup" finished-at="2023-07-05T10:41:37 EDT" duration-ms="6529" status="PASS">
          <reporter-output>
          </reporter-output>
        </test-method> <!-- setup -->
        <test-method signature="verifyLoginWithInvalidCredentials()[pri:2, instance:com.tn.qa.testcases.LoginTest@69e153c5]" started-at="2023-07-05T10:41:37 EDT" name="verifyLoginWithInvalidCredentials" finished-at="2023-07-05T10:41:38 EDT" duration-ms="670" status="PASS">
          <reporter-output>
          </reporter-output>
        </test-method> <!-- verifyLoginWithInvalidCredentials -->
        <test-method is-config="true" signature="tearDown()[pri:0, instance:com.tn.qa.testcases.LoginTest@69e153c5]" started-at="2023-07-05T10:41:38 EDT" name="tearDown" finished-at="2023-07-05T10:41:38 EDT" duration-ms="186" status="PASS">
          <reporter-output>
          </reporter-output>
        </test-method> <!-- tearDown -->
        <test-method is-config="true" signature="setup()[pri:0, instance:com.tn.qa.testcases.LoginTest@69e153c5]" started-at="2023-07-05T10:41:38 EDT" name="setup" finished-at="2023-07-05T10:41:43 EDT" duration-ms="5514" status="PASS">
          <reporter-output>
          </reporter-output>
        </test-method> <!-- setup -->
        <test-method signature="verifyLoginWithValidUsernameInvalidPassword()[pri:3, instance:com.tn.qa.testcases.LoginTest@69e153c5]" started-at="2023-07-05T10:41:43 EDT" name="verifyLoginWithValidUsernameInvalidPassword" finished-at="2023-07-05T10:41:45 EDT" duration-ms="1112" status="PASS">
          <reporter-output>
          </reporter-output>
        </test-method> <!-- verifyLoginWithValidUsernameInvalidPassword -->
        <test-method is-config="true" signature="tearDown()[pri:0, instance:com.tn.qa.testcases.LoginTest@69e153c5]" started-at="2023-07-05T10:41:45 EDT" name="tearDown" finished-at="2023-07-05T10:41:45 EDT" duration-ms="174" status="PASS">
          <reporter-output>
          </reporter-output>
        </test-method> <!-- tearDown -->
        <test-method is-config="true" signature="setup()[pri:0, instance:com.tn.qa.testcases.LoginTest@69e153c5]" started-at="2023-07-05T10:41:45 EDT" name="setup" finished-at="2023-07-05T10:41:50 EDT" duration-ms="5272" status="PASS">
          <reporter-output>
          </reporter-output>
        </test-method> <!-- setup -->
        <test-method signature="verifyLoginWithInvalidUsernameValidPassword()[pri:4, instance:com.tn.qa.testcases.LoginTest@69e153c5]" started-at="2023-07-05T10:41:50 EDT" name="verifyLoginWithInvalidUsernameValidPassword" finished-at="2023-07-05T10:41:51 EDT" duration-ms="1231" status="PASS">
          <reporter-output>
          </reporter-output>
        </test-method> <!-- verifyLoginWithInvalidUsernameValidPassword -->
        <test-method is-config="true" signature="tearDown()[pri:0, instance:com.tn.qa.testcases.LoginTest@69e153c5]" started-at="2023-07-05T10:41:51 EDT" name="tearDown" finished-at="2023-07-05T10:41:51 EDT" duration-ms="174" status="PASS">
          <reporter-output>
          </reporter-output>
        </test-method> <!-- tearDown -->
        <test-method is-config="true" signature="setup()[pri:0, instance:com.tn.qa.testcases.LoginTest@69e153c5]" started-at="2023-07-05T10:41:51 EDT" name="setup" finished-at="2023-07-05T10:41:57 EDT" duration-ms="5343" status="PASS">
          <reporter-output>
          </reporter-output>
        </test-method> <!-- setup -->
        <test-method signature="verifyLoginWithNoCredentials()[pri:5, instance:com.tn.qa.testcases.LoginTest@69e153c5]" started-at="2023-07-05T10:41:57 EDT" name="verifyLoginWithNoCredentials" finished-at="2023-07-05T10:41:57 EDT" duration-ms="469" status="PASS">
          <reporter-output>
          </reporter-output>
        </test-method> <!-- verifyLoginWithNoCredentials -->
        <test-method is-config="true" signature="tearDown()[pri:0, instance:com.tn.qa.testcases.LoginTest@69e153c5]" started-at="2023-07-05T10:41:57 EDT" name="tearDown" finished-at="2023-07-05T10:41:57 EDT" duration-ms="178" status="PASS">
          <reporter-output>
          </reporter-output>
        </test-method> <!-- tearDown -->
      </class> <!-- com.tn.qa.testcases.LoginTest -->
    </test> <!-- Default test -->
  </suite> <!-- Default suite -->
</testng-results>
